[demo.themex.co/academy/index.html]
[backblue.gif]
[fade.gif]
[index.html]
[demo.themex.co/academy/feed]
[demo.themex.co/academy/course/home-fitness-training.html]
[demo.themex.co/academy/home/feed]
[demo.themex.co/academy/wp-content/plugins/woocommerce/assets/css/woocommerce-layout3cae.css]
[demo.themex.co/academy/wp-content/plugins/woocommerce/assets/css/woocommerce-smallscreen3cae.css]
[demo.themex.co/academy/wp-content/plugins/woocommerce/assets/css/woocommerce3cae.css]
[demo.themex.co/academy/wp-content/themes/academy/style3105.css]
[demo.themex.co/academy/wp-includes/js/jquery/jquery90f9.js]
[demo.themex.co/academy/wp-includes/js/jquery/jquery-migrate.min1576.js]
[demo.themex.co/academy/wp-content/themes/academy/js/jquery.hoverIntent.min3105.js]
[demo.themex.co/academy/wp-content/themes/academy/js/jquery.placeholder.min3105.js]
[demo.themex.co/academy/wp-content/themes/academy/js/jplayer/jquery.jplayer.min3105.js]
[demo.themex.co/academy/wp-content/themes/academy/js/jquery.themexSlider3105.js]
[demo.themex.co/academy/wp-content/themes/academy/js/jquery.raty.min3105.js]
[demo.themex.co/academy/wp-content/themes/academy/js/general3105.js]
[demo.themex.co/academy/xmlrpc0db0.php]
[demo.themex.co/academy/wp-includes/wlwmanifest.xml]
[demo.themex.co/academy/wp-content/themes/academy/framework/assets/images/favicon.ico]
[demo.themex.co/academy/wp-content/themes/academy/fonts/creteround-regular-webfont.eot]
[demo.themex.co/academy/wp-content/themes/academy/fonts/creteround-regular-webfontd41d.eot]
[demo.themex.co/academy/wp-content/themes/academy/fonts/creteround-regular-webfont.woff]
[demo.themex.co/academy/wp-content/themes/academy/fonts/creteround-regular-webfont.ttf]
[demo.themex.co/academy/wp-content/themes/academy/images/logo.png]
[demo.themex.co/academy/register.html]
[platform.twitter.com/widgets.js]
[connect.facebook.net/en_US/all.js]
[demo.themex.co/academy/courses/all.html]
[demo.themex.co/academy/index68f1.html]
[demo.themex.co/academy/plans.html]
[demo.themex.co/academy/category/news.html]
[demo.themex.co/academy/about.html]
[demo.themex.co/academy/support.html]
[demo.themex.co/academy/wp-content/themes/academy/images/bgs/site_bg.jpg]
[demo.themex.co/academy/wp-content/uploads/2013/02/image_4.png]
[demo.themex.co/academy/wp-content/uploads/2013/02/slide_1.png]
[demo.themex.co/academy/wp-content/uploads/2013/02/slide_2.png]
[demo.themex.co/academy/wp-content/uploads/2013/02/slide_3.png]
[demo.themex.co/academy/wp-content/uploads/2013/02/image_1.jpg]
[demo.themex.co/academy/wp-content/uploads/2013/02/image_2.jpg]
[demo.themex.co/academy/wp-content/uploads/2013/02/image_3.jpg]
[demo.themex.co/academy/course/basic-cooking-techniques.html]
[demo.themex.co/academy/wp-content/uploads/2013/02/image_45-420x420.jpg]
[demo.themex.co/academy/profile/admin.html]
[demo.themex.co/academy/wp-content/uploads/2013/02/image_49-420x420.jpg]
[demo.themex.co/academy/profile/marco.html]
[demo.themex.co/academy/course/digital-photography.html]
[demo.themex.co/academy/wp-content/uploads/2013/02/image_50-420x420.jpg]
[demo.themex.co/academy/profile/mitch.html]
[demo.themex.co/academy/course/architecture-basics.html]
[demo.themex.co/academy/wp-content/uploads/2013/02/image_51-420x420.jpg]
[demo.themex.co/academy/wp-content/uploads/2013/02/avatar_1-96x96.jpg]
[demo.themex.co/academy/wp-content/uploads/2013/02/avatar_10-96x96.jpg]
[demo.themex.co/academy/wp-content/uploads/2013/02/avatar_27.jpg]
[demo.themex.co/academy/wp-content/themes/academy/images/bgs/testimonial_bg.png]
[demo.themex.co/academy/wp-content/uploads/2013/02/avatar_12.jpg]
[demo.themex.co/academy/wp-content/uploads/2013/02/avatar_11.jpg]
[demo.themex.co/academy/wp-content/plugins/woocommerce/assets/js/frontend/add-to-cart.min3cae.js]
[demo.themex.co/academy/wp-content/plugins/woocommerce/assets/js/jquery-blockui/jquery.blockUI.minc8cb.js]
[demo.themex.co/academy/wp-content/plugins/woocommerce/assets/js/frontend/woocommerce.min3cae.js]
[demo.themex.co/academy/wp-content/plugins/woocommerce/assets/js/jquery-cookie/jquery.cookie.mine7f0.js]
[demo.themex.co/academy/wp-content/plugins/woocommerce/assets/js/frontend/cart-fragments.min3cae.js]
[demo.themex.co/academy/index.html]
[demo.themex.co/academy/wp-includes/js/comment-reply.min3105.js]
[demo.themex.co/academy/profile/vique.html]
[demo.themex.co/academy/wp-content/uploads/2013/02/avatar_21-100x100.jpg]
[demo.themex.co/academy/profile/forea.html]
[demo.themex.co/academy/wp-content/uploads/2013/02/avatar_27-100x100.jpg]
[demo.themex.co/academy/profile/demo.html]
[demo.themex.co/academy/wp-content/uploads/2019/10/image-1-100x100.png]
[demo.themex.co/academy/profile/greenie.html]
[demo.themex.co/academy/wp-content/uploads/2013/02/avatar_26-100x100.jpg]
[demo.themex.co/academy/profile/prime.html]
[demo.themex.co/academy/wp-content/uploads/2013/02/avatar_12-100x100.jpg]
[demo.themex.co/academy/profile/susie.html]
[demo.themex.co/academy/wp-content/uploads/2013/02/avatar_11-100x100.jpg]
[demo.themex.co/academy/profile/wilis.html]
[demo.themex.co/academy/wp-content/uploads/2013/02/avatar_17-100x100.jpg]
[demo.themex.co/academy/profile/cyan.html]
[demo.themex.co/academy/wp-content/uploads/2013/02/avatar_28-100x100.jpg]
[demo.themex.co/academy/course/spa-treatment-at-home.html]
[demo.themex.co/academy/wp-content/uploads/2013/02/image_46-420x420.jpg]
[demo.themex.co/academy/course/home-fitness-training.html]
[demo.themex.co/academy/wp-content/plugins/woocommerce/assets/css/woocommerce-layout3cae.css]
[demo.themex.co/academy/wp-content/plugins/woocommerce/assets/css/woocommerce-smallscreen3cae.css]
[demo.themex.co/academy/wp-content/plugins/woocommerce/assets/fonts/star.eot]
[demo.themex.co/academy/wp-content/plugins/woocommerce/assets/fonts/stard41d.eot]
[demo.themex.co/academy/wp-content/plugins/woocommerce/assets/fonts/star.woff]
[demo.themex.co/academy/wp-content/plugins/woocommerce/assets/fonts/star.ttf]
[demo.themex.co/academy/wp-content/plugins/woocommerce/assets/fonts/WooCommerce.eot]
[demo.themex.co/academy/wp-content/plugins/woocommerce/assets/fonts/WooCommerced41d.eot]
[demo.themex.co/academy/wp-content/plugins/woocommerce/assets/fonts/WooCommerce.woff]
[demo.themex.co/academy/wp-content/plugins/woocommerce/assets/fonts/WooCommerce.ttf]
[demo.themex.co/academy/wp-content/plugins/woocommerce/assets/images/ajax-loader.gif]
[demo.themex.co/academy/wp-content/plugins/woocommerce/assets/images/icons/credit-cards/visa.png]
[demo.themex.co/academy/wp-content/plugins/woocommerce/assets/images/icons/credit-cards/mastercard.png]
[demo.themex.co/academy/wp-content/plugins/woocommerce/assets/images/icons/credit-cards/laser.png]
[demo.themex.co/academy/wp-content/plugins/woocommerce/assets/images/icons/credit-cards/diners.png]
[demo.themex.co/academy/wp-content/plugins/woocommerce/assets/images/icons/credit-cards/maestro.png]
[demo.themex.co/academy/wp-content/plugins/woocommerce/assets/images/icons/credit-cards/jcb.png]
[demo.themex.co/academy/wp-content/plugins/woocommerce/assets/images/icons/credit-cards/amex.png]
[demo.themex.co/academy/wp-content/plugins/woocommerce/assets/images/icons/credit-cards/discover.png]
[demo.themex.co/academy/wp-content/plugins/woocommerce/assets/css/woocommerce3cae.css]
[demo.themex.co/academy/wp-content/themes/academy/images/bgs/button_bg.png]
[demo.themex.co/academy/wp-content/themes/academy/images/bgs/button_dark_bg.png]
[demo.themex.co/academy/wp-content/themes/academy/images/icons/button_icons.png]
[demo.themex.co/academy/wp-content/themes/academy/images/loader.gif]
[demo.themex.co/academy/wp-content/themes/academy/images/bgs/black_80_bg.png]
[demo.themex.co/academy/wp-content/themes/academy/images/bgs/white_80_bg.png]
[demo.themex.co/academy/wp-content/themes/academy/images/bullet_1.png]
[demo.themex.co/academy/wp-content/themes/academy/images/bullet_2.png]
[demo.themex.co/academy/wp-content/themes/academy/images/bullet_3.png]
[demo.themex.co/academy/wp-content/themes/academy/images/icons/attachment_icons.png]
[demo.themex.co/academy/wp-content/themes/academy/images/icons/twitter_icon.png]
[demo.themex.co/academy/wp-content/themes/academy/images/bullet_4.png]
[demo.themex.co/academy/wp-content/themes/academy/images/bullet_5.png]
[demo.themex.co/academy/wp-content/themes/academy/images/icons/player_icons.png]
[demo.themex.co/academy/wp-content/themes/academy/images/bgs/black_20_bg.png]
[demo.themex.co/academy/wp-content/themes/academy/images/bgs/substrate_bg.png]
[demo.themex.co/academy/wp-content/themes/academy/images/icons/toggle_icons.png]
[demo.themex.co/academy/wp-content/themes/academy/images/select_menu_arrows.png]
[demo.themex.co/academy/wp-content/themes/academy/images/icons/search_icon.png]
[demo.themex.co/academy/wp-content/themes/academy/images/icons/user_social_icons.png]
[demo.themex.co/academy/wp-content/themes/academy/images/icons/user_icon.png]
[demo.themex.co/academy/wp-content/themes/academy/images/bgs/progress_bg.png]
[demo.themex.co/academy/wp-content/themes/academy/images/icons/comments_icon.png]
[demo.themex.co/academy/wp-content/themes/academy/images/bgs/tag_bg.png]
[demo.themex.co/academy/wp-content/themes/academy/images/icons/reply_icon.png]
[demo.themex.co/academy/wp-content/themes/academy/images/pagination_arrows.png]
[demo.themex.co/academy/wp-content/themes/academy/images/main_slider_arrows.png]
[demo.themex.co/academy/wp-content/themes/academy/images/bullet_6.png]
[demo.themex.co/academy/wp-content/themes/academy/style3105.css]
[demo.themex.co/academy/wp-content/themes/academy/fonts/creteround-regular-webfont.svg]
[demo.themex.co/academy/register.html]
[connect.facebook.net/en_US/all.js]
[demo.themex.co/academy/wp-content/uploads/2013/03/slide_1-1024x425.jpg]
[demo.themex.co/academy/wp-content/uploads/2013/03/slide_2-1024x425.jpg]
[demo.themex.co/academy/index68f1.html]
[demo.themex.co/academy/course/professional-singing.html]
[demo.themex.co/academy/wp-content/uploads/2013/02/image_47-420x420.jpg]
[demo.themex.co/academy/course/business-management.html]
[demo.themex.co/academy/wp-content/uploads/2013/02/image_48-420x420.jpg]
[demo.themex.co/academy/course/club-dance-course.html]
[demo.themex.co/academy/wp-content/uploads/2013/02/image_54-420x420.jpg]
[demo.themex.co/academy/course/mountain-hiking-course.html]
[demo.themex.co/academy/wp-content/uploads/2013/02/image_52-420x420.jpg]
[demo.themex.co/academy/course/dj-master-lessons.html]
[demo.themex.co/academy/wp-content/uploads/2013/02/image_55-420x420.jpg]
[demo.themex.co/academy/course/home-yoga-practice.html]
[demo.themex.co/academy/wp-content/uploads/2013/02/image_53-420x420.jpg]
[demo.themex.co/academy/course/starting-online-business.html]
[demo.themex.co/academy/wp-content/uploads/2013/02/image_56-420x420.jpg]
[demo.themex.co/academy/courses/all.html]
[demo.themex.co/academy/plans.html]
[demo.themex.co/academy/plans/feed]
[demo.themex.co/academy/category/news/feed]
[demo.themex.co/academy/news/learn-basic-cooking-tips.html]
[demo.themex.co/academy/wp-content/uploads/2013/02/image_57-420x280.jpg]
[demo.themex.co/academy/news/personal-fitness-trainers.html]
[demo.themex.co/academy/wp-content/uploads/2013/02/image_58-420x280.jpg]
[demo.themex.co/academy/news/new-digital-photography-course.html]
[demo.themex.co/academy/wp-content/uploads/2013/02/image_59-420x280.jpg]
[demo.themex.co/academy/news/take-singing-lessons-online.html]
[demo.themex.co/academy/wp-content/uploads/2013/02/image_60-420x280.jpg]
[demo.themex.co/academy/category/news/page/2.html]
[demo.themex.co/academy/category/news/page/3.html]
[demo.themex.co/academy/profile/herry.html]
[demo.themex.co/academy/wp-content/uploads/2013/02/avatar_25-96x96.jpg]
[demo.themex.co/academy/wp-content/uploads/2013/02/avatar_9-96x96.jpg]
[demo.themex.co/academy/profile/zenith.html]
[demo.themex.co/academy/wp-content/uploads/2013/02/avatar_20-96x96.jpg]
[demo.themex.co/academy/wp-content/uploads/2013/02/avatar_21-96x96.jpg]
[demo.themex.co/academy/category/news.html]
[demo.themex.co/academy/about/feed]
[demo.themex.co/academy/wp-content/uploads/2013/02/image_66.png]
[demo.themex.co/academy/wp-content/uploads/2013/02/image_62.jpg]
[demo.themex.co/academy/wp-content/uploads/2013/02/image_65.jpg]
[demo.themex.co/academy/wp-content/uploads/2013/02/image_63.jpg]
[demo.themex.co/academy/wp-content/uploads/2013/02/image_64.jpg]
[demo.themex.co/academy/about.html]
[demo.themex.co/academy/support.html]
[demo.themex.co/academy/support/feed]
[demo.themex.co/academy/wp-content/uploads/2013/02/avatar_25-100x100.jpg]
[demo.themex.co/academy/profile/posere.html]
[demo.themex.co/academy/wp-content/uploads/2013/02/avatar_24-100x100.jpg]
[demo.themex.co/academy/profile/thessy.html]
[demo.themex.co/academy/wp-content/uploads/2013/02/avatar_22-100x100.jpg]
[demo.themex.co/academy/course/basic-cooking-techniques.html]
[demo.themex.co/academy/profile/admin/feed]
[demo.themex.co/academy/wp-content/uploads/2013/02/avatar_1-200x200.jpg]
[demo.themex.co/academy/profile/admin.html]
[demo.themex.co/academy/profile/marco/feed]
[demo.themex.co/academy/wp-content/uploads/2013/02/avatar_10-200x200.jpg]
[demo.themex.co/academy/profile/marco.html]
[demo.themex.co/academy/profile/flint.html]
[demo.themex.co/academy/wp-content/uploads/2013/02/avatar_14-100x100.jpg]
[demo.themex.co/academy/profile/evanr.html]
[demo.themex.co/academy/wp-content/uploads/2013/02/avatar_30-100x100.jpg]
[demo.themex.co/academy/wp-content/uploads/2013/02/avatar_1-100x100.jpg]
[demo.themex.co/academy/course/digital-photography.html]
[demo.themex.co/academy/profile/mitch/feed]
[demo.themex.co/academy/wp-content/uploads/2013/02/avatar_9-200x200.jpg]
[demo.themex.co/academy/profile/mitch.html]
[demo.themex.co/academy/profile/tansia.html]
[demo.themex.co/academy/wp-content/uploads/2013/02/avatar_19-100x100.jpg]
[demo.themex.co/academy/course/architecture-basics.html]
[demo.themex.co/academy/course/home-fitness-training/feed.html]
[demo.themex.co/academy/index9fa1.html]
[demo.themex.co/academy/profile/vique/feed]
[demo.themex.co/academy/wp-content/uploads/2013/02/avatar_21-200x200.jpg]
[demo.themex.co/academy/profile/vique.html]
[demo.themex.co/academy/profile/forea/feed]
[demo.themex.co/academy/wp-content/uploads/2013/02/avatar_27-200x200.jpg]
[demo.themex.co/academy/profile/forea.html]
[demo.themex.co/academy/profile/demo/feed]
[demo.themex.co/academy/wp-content/uploads/2019/10/image-1-200x200.png]
[demo.themex.co/academy/profile/demo.html]
[demo.themex.co/academy/profile/greenie/feed]
[demo.themex.co/academy/wp-content/uploads/2013/02/avatar_26-200x200.jpg]
[demo.themex.co/academy/profile/greenie.html]
[demo.themex.co/academy/profile/prime/feed]
[demo.themex.co/academy/wp-content/uploads/2013/02/avatar_12-200x200.jpg]
[demo.themex.co/academy/profile/prime.html]
[demo.themex.co/academy/profile/susie/feed]
[demo.themex.co/academy/wp-content/uploads/2013/02/avatar_11-200x200.jpg]
[demo.themex.co/academy/profile/susie.html]
[demo.themex.co/academy/profile/wilis/feed]
[demo.themex.co/academy/wp-content/uploads/2013/02/avatar_17-200x200.jpg]
[demo.themex.co/academy/profile/wilis.html]
[demo.themex.co/academy/profile/cyan/feed]
[demo.themex.co/academy/wp-content/uploads/2013/02/avatar_28-200x200.jpg]
[demo.themex.co/academy/profile/cyan.html]
[demo.themex.co/academy/profile/kennie.html]
[demo.themex.co/academy/wp-content/uploads/2013/02/avatar_35-100x100.jpg]
[demo.themex.co/academy/profile/brooon.html]
[demo.themex.co/academy/wp-content/uploads/2013/02/avatar_31-100x100.jpg]
[demo.themex.co/academy/profile/jessie.html]
[demo.themex.co/academy/wp-content/uploads/2013/02/avatar_36-100x100.jpg]
[demo.themex.co/academy/course/spa-treatment-at-home.html]
[demo.themex.co/academy/wp-content/plugins/woocommerce/assets/fonts/star.svg]
[demo.themex.co/academy/wp-content/plugins/woocommerce/assets/fonts/WooCommerce.svg]
[demo.themex.co/academy/wp-content/uploads/2013/02/avatar_20-100x100.jpg]
[demo.themex.co/academy/profile/maggie.html]
[demo.themex.co/academy/wp-content/uploads/2013/02/avatar_34-100x100.jpg]
[demo.themex.co/academy/profile/soniq.html]
[demo.themex.co/academy/wp-content/uploads/2013/02/avatar_13-100x100.jpg]
[demo.themex.co/academy/course/professional-singing.html]
[demo.themex.co/academy/wp-content/uploads/2013/02/avatar_9-100x100.jpg]
[demo.themex.co/academy/profile/robbie.html]
[demo.themex.co/academy/wp-content/uploads/2013/02/avatar_29-100x100.jpg]
[demo.themex.co/academy/course/business-management.html]
[demo.themex.co/academy/profile/master.html]
[demo.themex.co/academy/wp-content/uploads/2013/02/avatar_15-100x100.jpg]
[demo.themex.co/academy/profile/winiq.html]
[demo.themex.co/academy/wp-content/uploads/2013/02/avatar_32-100x100.jpg]
[demo.themex.co/academy/profile/rundood.html]
[demo.themex.co/academy/wp-content/uploads/2013/02/avatar_18-100x100.jpg]
[demo.themex.co/academy/course/club-dance-course.html]
[demo.themex.co/academy/profile/mario.html]
[demo.themex.co/academy/wp-content/uploads/2013/02/avatar_37-100x100.jpg]
[demo.themex.co/academy/profile/juster.html]
[demo.themex.co/academy/wp-content/uploads/2013/02/avatar_16-100x100.jpg]
[demo.themex.co/academy/wp-content/uploads/2013/02/avatar_10-100x100.jpg]
[demo.themex.co/academy/profile/donato.html]
[demo.themex.co/academy/wp-content/uploads/2013/02/avatar_33-100x100.jpg]
[demo.themex.co/academy/course/mountain-hiking-course.html]
[demo.themex.co/academy/course/dj-master-lessons.html]
[demo.themex.co/academy/course/home-yoga-practice.html]
[demo.themex.co/academy/course/starting-online-business.html]
[demo.themex.co/academy/index019f.html]
[demo.themex.co/academy/news/learn-basic-cooking-tips/feed]
[demo.themex.co/academy/wp-content/uploads/2013/02/image_57.jpg]
[demo.themex.co/academy/tag/amet.html]
[demo.themex.co/academy/tag/ipsum.html]
[demo.themex.co/academy/tag/lorem.html]
[demo.themex.co/academy/news/learn-basic-cooking-tips8bcf.html]
[demo.themex.co/academy/news/learn-basic-cooking-tipse95a.html]
[demo.themex.co/academy/news/learn-basic-cooking-tips.html]
[demo.themex.co/academy/news/learn-basic-cooking-tipsbe57.html]
[demo.themex.co/academy/news/personal-fitness-trainers/feed]
[demo.themex.co/academy/wp-content/uploads/2013/02/image_58.jpg]
[demo.themex.co/academy/news/personal-fitness-trainers.html]
[demo.themex.co/academy/tag/dolor.html]
[demo.themex.co/academy/news/new-digital-photography-course/feed]
[demo.themex.co/academy/wp-content/uploads/2013/02/image_59.jpg]
[demo.themex.co/academy/news/new-digital-photography-course.html]
[demo.themex.co/academy/news/take-singing-lessons-online/feed]
[demo.themex.co/academy/news/vestibulum-vitae-nunc-faucibus.html]
[demo.themex.co/academy/wp-content/uploads/2013/02/image_60.jpg]
[demo.themex.co/academy/news/take-singing-lessons-online.html]
[demo.themex.co/academy/news/donec-ornare-arcu-consequat.html]
[demo.themex.co/academy/news/nullam-lectus-egestas-sodales.html]
[demo.themex.co/academy/news/maecenas-elementum-phasellus.html]
[demo.themex.co/academy/category/news/page/2.html]
[demo.themex.co/academy/news/vestibulum-vitae-tempus-faucibus.html]
[demo.themex.co/academy/news/358.html]
[demo.themex.co/academy/news/nullam-lectus-urna-sodales.html]
[demo.themex.co/academy/news/hello-world.html]
[demo.themex.co/academy/category/news/page/3.html]
[demo.themex.co/academy/profile/herry/feed]
[demo.themex.co/academy/wp-content/uploads/2013/02/avatar_25-200x200.jpg]
[demo.themex.co/academy/profile/herry.html]
[demo.themex.co/academy/profile/zenith/feed]
[demo.themex.co/academy/wp-content/uploads/2013/02/avatar_20-200x200.jpg]
[demo.themex.co/academy/profile/zenith.html]
[demo.themex.co/academy/indexe8f5.html]
[demo.themex.co/academy/indexbdc9.html]
[demo.themex.co/academy/course/basic-cooking-techniques/feed.html]
[demo.themex.co/academy/indexb4c1.html]
[demo.themex.co/academy/profile/posere/feed]
[demo.themex.co/academy/wp-content/uploads/2013/02/avatar_24-200x200.jpg]
[demo.themex.co/academy/profile/posere.html]
[demo.themex.co/academy/profile/thessy/feed]
[demo.themex.co/academy/wp-content/uploads/2013/02/avatar_22-200x200.jpg]
[demo.themex.co/academy/profile/thessy.html]
[demo.themex.co/academy/course/digital-photography/feed.html]
[demo.themex.co/academy/index85b0.html]
[demo.themex.co/academy/profile/flint/feed]
[demo.themex.co/academy/wp-content/uploads/2013/02/avatar_14-200x200.jpg]
[demo.themex.co/academy/profile/flint.html]
[demo.themex.co/academy/profile/evanr/feed]
[demo.themex.co/academy/wp-content/uploads/2013/02/avatar_30-200x200.jpg]
[demo.themex.co/academy/profile/evanr.html]
[demo.themex.co/academy/course/architecture-basics/feed.html]
[demo.themex.co/academy/indexd5db.html]
[demo.themex.co/academy/profile/tansia/feed]
[demo.themex.co/academy/wp-content/uploads/2013/02/avatar_19-200x200.jpg]
[demo.themex.co/academy/profile/tansia.html]
[demo.themex.co/academy/profile/DinaHamed.html]
[demo.themex.co/academy/profile/text.html]
[demo.themex.co/academy/profile/text jh.html]
[demo.themex.co/academy/profile/afssssssss.html]
[demo.themex.co/academy/course/spa-treatment-at-home/feed.html]
[demo.themex.co/academy/index4580.html]
[demo.themex.co/academy/profile/kennie/feed]
[demo.themex.co/academy/wp-content/uploads/2013/02/avatar_35-200x200.jpg]
[demo.themex.co/academy/profile/kennie.html]
[demo.themex.co/academy/profile/brooon/feed]
[demo.themex.co/academy/wp-content/uploads/2013/02/avatar_31-200x200.jpg]
[demo.themex.co/academy/profile/brooon.html]
[demo.themex.co/academy/profile/jessie/feed]
[demo.themex.co/academy/wp-content/uploads/2013/02/avatar_36-200x200.jpg]
[demo.themex.co/academy/profile/jessie.html]
[demo.themex.co/academy/course/professional-singing/feed.html]
[demo.themex.co/academy/index80c9.html]
[demo.themex.co/academy/profile/maggie/feed]
[demo.themex.co/academy/wp-content/uploads/2013/02/avatar_34-200x200.jpg]
[demo.themex.co/academy/profile/maggie.html]
[demo.themex.co/academy/profile/soniq/feed]
[demo.themex.co/academy/wp-content/uploads/2013/02/avatar_13-200x200.jpg]
[demo.themex.co/academy/profile/soniq.html]
[demo.themex.co/academy/course/business-management/feed.html]
[demo.themex.co/academy/index156c.html]
[demo.themex.co/academy/profile/robbie/feed]
[demo.themex.co/academy/wp-content/uploads/2013/02/avatar_29-200x200.jpg]
[demo.themex.co/academy/profile/robbie.html]
[demo.themex.co/academy/course/club-dance-course/feed.html]
[demo.themex.co/academy/index9873.html]
[demo.themex.co/academy/profile/master/feed]
[demo.themex.co/academy/wp-content/uploads/2013/02/avatar_15-200x200.jpg]
[demo.themex.co/academy/profile/master.html]
[demo.themex.co/academy/profile/winiq/feed]
[demo.themex.co/academy/wp-content/uploads/2013/02/avatar_32-200x200.jpg]
[demo.themex.co/academy/profile/winiq.html]
[demo.themex.co/academy/profile/rundood/feed]
[demo.themex.co/academy/wp-content/uploads/2013/02/avatar_18-200x200.jpg]
[demo.themex.co/academy/profile/rundood.html]
[demo.themex.co/academy/course/mountain-hiking-course/feed.html]
[demo.themex.co/academy/index6eea.html]
[demo.themex.co/academy/profile/mario/feed]
[demo.themex.co/academy/wp-content/uploads/2013/02/avatar_37-200x200.jpg]
[demo.themex.co/academy/profile/mario.html]
[demo.themex.co/academy/profile/juster/feed]
[demo.themex.co/academy/wp-content/uploads/2013/02/avatar_16-200x200.jpg]
[demo.themex.co/academy/profile/juster.html]
[demo.themex.co/academy/profile/donato/feed]
[demo.themex.co/academy/wp-content/uploads/2013/02/avatar_33-200x200.jpg]
[demo.themex.co/academy/profile/donato.html]
[demo.themex.co/academy/course/dj-master-lessons/feed.html]
[demo.themex.co/academy/index50f6.html]
[demo.themex.co/academy/course/home-yoga-practice/feed.html]
[demo.themex.co/academy/index8c34.html]
[demo.themex.co/academy/course/starting-online-business/feed.html]
[demo.themex.co/academy/indexc094.html]
[demo.themex.co/academy/index2d8c.html]
[demo.themex.co/academy/tag/amet/feed]
[demo.themex.co/academy/tag/amet/page/2.html]
[demo.themex.co/academy/tag/amet.html]
[demo.themex.co/academy/tag/amet/page/3.html]
[demo.themex.co/academy/tag/ipsum/feed]
[demo.themex.co/academy/tag/ipsum/page/2.html]
[demo.themex.co/academy/tag/ipsum.html]
[demo.themex.co/academy/tag/ipsum/page/3.html]
[demo.themex.co/academy/tag/lorem/feed]
[demo.themex.co/academy/tag/lorem/page/2.html]
[demo.themex.co/academy/tag/lorem.html]
[demo.themex.co/academy/news/learn-basic-cooking-tips8bcf.html]
[demo.themex.co/academy/news/learn-basic-cooking-tipse95a.html]
[demo.themex.co/academy/news/learn-basic-cooking-tipsbe57.html]
[demo.themex.co/academy/index0449.html]
[demo.themex.co/academy/tag/lorem/page/3.html]
[demo.themex.co/academy/tag/dolor/feed]
[demo.themex.co/academy/tag/dolor/page/2.html]
[demo.themex.co/academy/tag/dolor.html]
[demo.themex.co/academy/indexc351.html]
[demo.themex.co/academy/tag/dolor/page/3.html]
[demo.themex.co/academy/news/vestibulum-vitae-nunc-faucibus.html]
[demo.themex.co/academy/index2023.html]
[demo.themex.co/academy/news/vestibulum-vitae-nunc-faucibus/feed]
[demo.themex.co/academy/news/donec-ornare-arcu-consequat.html]
[demo.themex.co/academy/news/donec-ornare-arcu-consequat/feed]
[demo.themex.co/academy/news/nullam-lectus-egestas-sodales.html]
[demo.themex.co/academy/news/nullam-lectus-egestas-sodales/feed]
[demo.themex.co/academy/news/maecenas-elementum-phasellus.html]
[demo.themex.co/academy/news/maecenas-elementum-phasellus/feed]
[demo.themex.co/academy/news/vestibulum-vitae-tempus-faucibus.html]
[demo.themex.co/academy/news/vestibulum-vitae-tempus-faucibus/feed]
[demo.themex.co/academy/news/358.html]
[demo.themex.co/academy/news/358/feed]
[demo.themex.co/academy/news/nullam-lectus-urna-sodales/feed]
[demo.themex.co/academy/news/nullam-lectus-urna-sodales.html]
[demo.themex.co/academy/news/hello-world.html]
[demo.themex.co/academy/file/10455]
[demo.themex.co/academy/file/11455]
[demo.themex.co/academy/news/hello-world/feed]
[demo.themex.co/academy/tag/amet/page/2.html]
[demo.themex.co/academy/tag/amet/page/3.html]
[demo.themex.co/academy/tag/ipsum/page/2.html]
[demo.themex.co/academy/tag/ipsum/page/3.html]
[demo.themex.co/academy/tag/lorem/page/2.html]
[demo.themex.co/academy/tag/lorem/page/3.html]
[demo.themex.co/academy/tag/dolor/page/2.html]
[demo.themex.co/academy/tag/dolor/page/3.html]
[demo.themex.co/academy/index3f97.html]
[demo.themex.co/academy/index1f38.html]
[demo.themex.co/academy/indexe8d3.html]
[demo.themex.co/academy/index3922.html]
[demo.themex.co/academy/index18ee.html]
[demo.themex.co/academy/indexf5a4.html]
[demo.themex.co/academy/index3e1b.html]
[demo.themex.co/academy/indexcff1.html]
